#
# There is insufficient memory for the Java Runtime Environment to continue.
# Native memory allocation (malloc) failed to allocate 131088 bytes for Chunk::new
# Possible reasons:
#   The system is out of physical RAM or swap space
#   In 32 bit mode, the process size limit was hit
# Possible solutions:
#   Reduce memory load on the system
#   Increase physical memory or swap space
#   Check if swap backing store is full
#   Use 64 bit Java on a 64 bit OS
#   Decrease Java heap size (-Xmx/-Xms)
#   Decrease number of Java threads
#   Decrease Java thread stack sizes (-Xss)
#   Set larger code cache with -XX:ReservedCodeCacheSize=
# This output file may be truncated or incomplete.
#
#  Out of Memory Error (allocation.cpp:390), pid=39488, tid=0x0000000000002024
#
# JRE version: OpenJDK Runtime Environment (8.0_152-b01) (build 1.8.0_152-release-915-b01)
# Java VM: OpenJDK 64-Bit Server VM (25.152-b01 mixed mode windows-amd64 compressed oops)
# Failed to write core dump. Minidumps are not enabled by default on client versions of Windows
#

---------------  T H R E A D  ---------------

Current thread (0x000000001abf6800):  JavaThread "C2 CompilerThread2" daemon [_thread_in_native, id=8228, stack(0x000000001b5d0000,0x000000001b6d0000)]

Stack: [0x000000001b5d0000,0x000000001b6d0000]
[error occurred during error reporting (printing stack bounds), id 0xc0000005]

Native frames: (J=compiled Java code, j=interpreted, Vv=VM code, C=native code)


Current CompileTask:
C2: 445226 17606       4       com.android.utils.XmlUtils::append (540 bytes)


---------------  P R O C E S S  ---------------

Java Threads: ( => current thread )
  0x000000001d091800 JavaThread "pool-8-thread-1" [_thread_blocked, id=34572, stack(0x0000000037570000,0x0000000037670000)]
  0x000000001d08a000 JavaThread "stdout" daemon [_thread_in_native, id=35688, stack(0x0000000037470000,0x0000000037570000)]
  0x000000001fa9a800 JavaThread "stderr" daemon [_thread_in_native, id=38592, stack(0x0000000037370000,0x0000000037470000)]
  0x000000001fa99800 JavaThread "stdout" daemon [_thread_in_native, id=37224, stack(0x0000000037270000,0x0000000037370000)]
  0x000000001fa98000 JavaThread "stderr" daemon [_thread_in_native, id=31628, stack(0x0000000037170000,0x0000000037270000)]
  0x000000001fa97800 JavaThread "stdout" daemon [_thread_in_native, id=33892, stack(0x0000000037070000,0x0000000037170000)]
  0x000000001fa96800 JavaThread "stderr" daemon [_thread_in_native, id=25020, stack(0x0000000036f70000,0x0000000037070000)]
  0x000000001fa9c000 JavaThread "stdout" daemon [_thread_in_native, id=34184, stack(0x0000000036e70000,0x0000000036f70000)]
  0x000000001fa9b000 JavaThread "stderr" daemon [_thread_in_native, id=34464, stack(0x0000000036d70000,0x0000000036e70000)]
  0x000000001fa99000 JavaThread "stdout" daemon [_thread_in_native, id=32428, stack(0x0000000036c70000,0x0000000036d70000)]
  0x000000001fa8f000 JavaThread "stderr" daemon [_thread_in_native, id=9052, stack(0x0000000036b70000,0x0000000036c70000)]
  0x000000001fa96000 JavaThread "stdout" daemon [_thread_in_native, id=38604, stack(0x0000000036a70000,0x0000000036b70000)]
  0x000000001fa8e800 JavaThread "stderr" daemon [_thread_in_native, id=36124, stack(0x0000000036970000,0x0000000036a70000)]
  0x000000001fa95000 JavaThread "stdout" daemon [_thread_in_native, id=35276, stack(0x0000000036870000,0x0000000036970000)]
  0x000000001fa8d800 JavaThread "stderr" daemon [_thread_in_native, id=15412, stack(0x0000000036770000,0x0000000036870000)]
  0x000000001fa94800 JavaThread "stdout" daemon [_thread_in_native, id=35836, stack(0x0000000036670000,0x0000000036770000)]
  0x000000001fa92000 JavaThread "stderr" daemon [_thread_in_native, id=13016, stack(0x0000000036570000,0x0000000036670000)]
  0x000000001fa8d000 JavaThread "queued-resource-processor_8" daemon [_thread_blocked, id=40800, stack(0x0000000036470000,0x0000000036570000)]
  0x000000001fa90800 JavaThread "queued-resource-processor_7" daemon [_thread_blocked, id=42968, stack(0x0000000036370000,0x0000000036470000)]
  0x000000001fa93800 JavaThread "queued-resource-processor_6" daemon [_thread_blocked, id=38004, stack(0x0000000036270000,0x0000000036370000)]
  0x000000001fa90000 JavaThread "queued-resource-processor_5" daemon [_thread_blocked, id=29684, stack(0x0000000036170000,0x0000000036270000)]
  0x000000001fa93000 JavaThread "queued-resource-processor_4" daemon [_thread_blocked, id=42028, stack(0x0000000036070000,0x0000000036170000)]
  0x000000001fa91800 JavaThread "queued-resource-processor_3" daemon [_thread_blocked, id=41472, stack(0x0000000035f70000,0x0000000036070000)]
  0x000000001e088000 JavaThread "queued-resource-processor_2" daemon [_thread_blocked, id=41680, stack(0x0000000035e70000,0x0000000035f70000)]
  0x000000001e087000 JavaThread "queued-resource-processor_1" daemon [_thread_blocked, id=38368, stack(0x0000000035d70000,0x0000000035e70000)]
  0x0000000022ebd000 JavaThread "Task worker for ':' Thread 7" [_thread_blocked, id=38480, stack(0x0000000035c70000,0x0000000035d70000)]
  0x0000000022eba800 JavaThread "Task worker for ':' Thread 6" [_thread_blocked, id=33976, stack(0x0000000035b70000,0x0000000035c70000)]
  0x0000000022eb9000 JavaThread "Task worker for ':' Thread 5" [_thread_blocked, id=41568, stack(0x0000000035a70000,0x0000000035b70000)]
  0x0000000022ec0000 JavaThread "Task worker for ':' Thread 4" [_thread_blocked, id=38944, stack(0x0000000035970000,0x0000000035a70000)]
  0x0000000022eba000 JavaThread "Task worker for ':' Thread 3" [_thread_blocked, id=42900, stack(0x0000000035870000,0x0000000035970000)]
  0x0000000022ebc000 JavaThread "Task worker for ':' Thread 2" [_thread_blocked, id=40216, stack(0x0000000035770000,0x0000000035870000)]
  0x000000002028b000 JavaThread "Task worker for ':'" [_thread_blocked, id=35936, stack(0x0000000035670000,0x0000000035770000)]
  0x000000002028a000 JavaThread "Cache worker for task history cache (D:\doc\SISTEMAS\PROYECTOS2018\grupodigna\.gradle\4.1\taskHistory)" [_thread_blocked, id=39104, stack(0x0000000035570000,0x0000000035670000)]
  0x000000002028b800 JavaThread "build operations Thread 8" [_thread_blocked, id=42584, stack(0x0000000035470000,0x0000000035570000)]
  0x0000000020290000 JavaThread "build operations Thread 7" [_thread_blocked, id=36120, stack(0x0000000035370000,0x0000000035470000)]
  0x000000002028f800 JavaThread "build operations Thread 6" [_thread_blocked, id=27128, stack(0x0000000035270000,0x0000000035370000)]
  0x0000000020289800 JavaThread "build operations Thread 5" [_thread_blocked, id=35792, stack(0x0000000035170000,0x0000000035270000)]
  0x0000000020282800 JavaThread "build operations Thread 4" [_thread_blocked, id=42388, stack(0x0000000035070000,0x0000000035170000)]
  0x0000000020285800 JavaThread "build operations Thread 3" [_thread_blocked, id=36984, stack(0x0000000034f70000,0x0000000035070000)]
  0x0000000020288800 JavaThread "build operations Thread 2" [_thread_blocked, id=42276, stack(0x0000000034e70000,0x0000000034f70000)]
  0x0000000020285000 JavaThread "build operations" [_thread_blocked, id=35656, stack(0x0000000034d70000,0x0000000034e70000)]
  0x0000000020284000 JavaThread "Cache worker for Artifact transforms cache (C:\Users\FINANCIERO\.gradle\caches\transforms-1)" [_thread_blocked, id=8092, stack(0x0000000034c70000,0x0000000034d70000)]
  0x0000000020281000 JavaThread "Cache worker for file hash cache (D:\doc\SISTEMAS\PROYECTOS2018\grupodigna\.gradle\4.1\fileHashes)" [_thread_blocked, id=31320, stack(0x0000000034b70000,0x0000000034c70000)]
  0x0000000020283800 JavaThread "Stdin handler" [_thread_blocked, id=37580, stack(0x0000000034a70000,0x0000000034b70000)]
  0x0000000020282000 JavaThread "Asynchronous log dispatcher for DefaultDaemonConnection: socket connection from /127.0.0.1:65345 to /127.0.0.1:65510" [_thread_blocked, id=34080, stack(0x0000000034970000,0x0000000034a70000)]
  0x0000000020287000 JavaThread "Cancel handler" [_thread_blocked, id=42848, stack(0x0000000034870000,0x0000000034970000)]
  0x0000000020288000 JavaThread "Handler for socket connection from /127.0.0.1:65345 to /127.0.0.1:65510" [_thread_in_native, id=42812, stack(0x0000000034770000,0x0000000034870000)]
  0x000000001e084800 JavaThread "Daemon worker Thread 3" [_thread_in_native, id=27284, stack(0x0000000030970000,0x0000000030a70000)]
  0x000000001e088800 JavaThread "Daemon Thread 3" [_thread_blocked, id=24744, stack(0x0000000030670000,0x0000000030770000)]
  0x0000000022ebd800 JavaThread "Memory manager" [_thread_blocked, id=39444, stack(0x0000000025710000,0x0000000025810000)]
  0x000000001c9db800 JavaThread "File lock request listener" [_thread_in_native, id=42216, stack(0x000000001f410000,0x000000001f510000)]
  0x000000001cd12800 JavaThread "Cache worker for file hash cache (C:\Users\FINANCIERO\.gradle\caches\4.1\fileHashes)" [_thread_blocked, id=42960, stack(0x000000001f310000,0x000000001f410000)]
  0x000000001ccf6800 JavaThread "Daemon periodic checks" [_thread_blocked, id=28592, stack(0x000000001e910000,0x000000001ea10000)]
  0x000000001ca71800 JavaThread "Incoming local TCP Connector on port 65345" [_thread_in_native, id=42228, stack(0x000000001e6b0000,0x000000001e7b0000)]
  0x000000001ac86000 JavaThread "Service Thread" daemon [_thread_blocked, id=42396, stack(0x000000001b7d0000,0x000000001b8d0000)]
  0x0000000018ced000 JavaThread "C1 CompilerThread3" daemon [_thread_blocked, id=34012, stack(0x000000001b6d0000,0x000000001b7d0000)]
=>0x000000001abf6800 JavaThread "C2 CompilerThread2" daemon [_thread_in_native, id=8228, stack(0x000000001b5d0000,0x000000001b6d0000)]
  0x000000001abf1800 JavaThread "C2 CompilerThread1" daemon [_thread_blocked, id=37196, stack(0x000000001b4d0000,0x000000001b5d0000)]
  0x000000001abee800 JavaThread "C2 CompilerThread0" daemon [_thread_in_native, id=12816, stack(0x000000001b3d0000,0x000000001b4d0000)]
  0x000000001abed000 JavaThread "Attach Listener" daemon [_thread_blocked, id=41388, stack(0x000000001b2d0000,0x000000001b3d0000)]
  0x000000001abe9800 JavaThread "Signal Dispatcher" daemon [_thread_blocked, id=11520, stack(0x000000001b1d0000,0x000000001b2d0000)]
  0x000000001abe0800 JavaThread "Finalizer" daemon [_thread_blocked, id=40832, stack(0x000000001afc0000,0x000000001b0c0000)]
  0x0000000004f15000 JavaThread "Reference Handler" daemon [_thread_blocked, id=12556, stack(0x000000001aac0000,0x000000001abc0000)]
  0x0000000004e1e800 JavaThread "main" [_thread_blocked, id=7440, stack(0x0000000004cb0000,0x0000000004db0000)]

Other Threads:
  0x0000000018cd7800 VMThread [stack: 0x000000001a9c0000,0x000000001aac0000] [id=11344]
  0x000000001ac86800 WatcherThread [stack: 0x000000001b8d0000,0x000000001b9d0000] [id=42676]

VM state:not at safepoint (normal execution)

VM Mutex/Monitor currently owned by a thread: None

Heap:
 PSYoungGen      total 466432K, used 233438K [0x00000000e0000000, 0x0000000100000000, 0x0000000100000000)
  eden space 432128K, 46% used [0x00000000e0000000,0x00000000ec27ac60,0x00000000fa600000)
  from space 34304K, 99% used [0x00000000fde80000,0x00000000ffffcf40,0x0000000100000000)
  to   space 46080K, 0% used [0x00000000fa600000,0x00000000fa600000,0x00000000fd300000)
 ParOldGen       total 202752K, used 61288K [0x00000000a0000000, 0x00000000ac600000, 0x00000000e0000000)
  object space 202752K, 30% used [0x00000000a0000000,0x00000000a3bda340,0x00000000ac600000)
 Metaspace       used 92064K, capacity 97524K, committed 97792K, reserved 1134592K
  class space    used 11793K, capacity 13050K, committed 13056K, reserved 1048576K

Card table byte_map: [0x00000000142e0000,0x00000000145f0000] byte_map_base: 0x0000000013de0000

Marking Bits: (ParMarkBitMap*) 0x000000005eb53950
 Begin Bits: [0x0000000014ff0000, 0x00000000167f0000)
 End Bits:   [0x00000000167f0000, 0x0000000017ff0000)

Polling page: 0x0000000002fb0000

CodeCache: size=245760Kb used=49840Kb max_used=50080Kb free=195919Kb
 bounds [0x0000000004f20000, 0x0000000008060000, 0x0000000013f20000]
 total_blobs=14873 nmethods=14028 adapters=757
 compilation: enabled

Compilation events (10 events):
Event: 445.100 Thread 0x0000000018ced000 17601       3       com.google.common.cache.LocalCache$Segment::getLiveValue (61 bytes)
Event: 445.101 Thread 0x0000000018ced000 nmethod 17601 0x000000000589c310 code [0x000000000589c660, 0x000000000589e338]
Event: 445.102 Thread 0x0000000018ced000 17602       3       com.google.common.cache.LocalCache$Segment::recordRead (29 bytes)
Event: 445.103 Thread 0x0000000018ced000 nmethod 17602 0x0000000005f7e510 code [0x0000000005f7e6c0, 0x0000000005f7ec38]
Event: 445.147 Thread 0x000000001abf6800 17603       4       java.lang.Iterable::spliterator (11 bytes)
Event: 445.151 Thread 0x000000001abf6800 nmethod 17603 0x0000000005897010 code [0x00000000058971a0, 0x0000000005897578]
Event: 445.163 Thread 0x000000001abee800 17604       4       com.android.ide.common.res2.NodeUtils::updateNamespace (161 bytes)
Event: 445.163 Thread 0x000000001abf1800 17605       4       com.sun.org.apache.xerces.internal.dom.AttrImpl::getNodeValue (5 bytes)
Event: 445.163 Thread 0x000000001abf6800 17606       4       com.android.utils.XmlUtils::append (540 bytes)
Event: 445.166 Thread 0x000000001abf1800 nmethod 17605 0x0000000005410510 code [0x0000000005410680, 0x0000000005410888]

GC Heap History (10 events):
Event: 248.476 GC heap before
{Heap before GC invocations=13 (full 3):
 PSYoungGen      total 278016K, used 256512K [0x00000000e0000000, 0x00000000f7680000, 0x0000000100000000)
  eden space 256512K, 100% used [0x00000000e0000000,0x00000000efa80000,0x00000000efa80000)
  from space 21504K, 0% used [0x00000000efa80000,0x00000000efa80000,0x00000000f0f80000)
  to   space 28160K, 0% used [0x00000000f5b00000,0x00000000f5b00000,0x00000000f7680000)
 ParOldGen       total 202752K, used 42368K [0x00000000a0000000, 0x00000000ac600000, 0x00000000e0000000)
  object space 202752K, 20% used [0x00000000a0000000,0x00000000a29600a0,0x00000000ac600000)
 Metaspace       used 64091K, capacity 67260K, committed 67584K, reserved 1107968K
  class space    used 8521K, capacity 9387K, committed 9472K, reserved 1048576K
Event: 248.487 GC heap after
Heap after GC invocations=13 (full 3):
 PSYoungGen      total 355328K, used 17649K [0x00000000e0000000, 0x00000000f7f00000, 0x0000000100000000)
  eden space 327168K, 0% used [0x00000000e0000000,0x00000000e0000000,0x00000000f3f80000)
  from space 28160K, 62% used [0x00000000f5b00000,0x00000000f6c3c6c0,0x00000000f7680000)
  to   space 28160K, 0% used [0x00000000f3f80000,0x00000000f3f80000,0x00000000f5b00000)
 ParOldGen       total 202752K, used 42403K [0x00000000a0000000, 0x00000000ac600000, 0x00000000e0000000)
  object space 202752K, 20% used [0x00000000a0000000,0x00000000a2968cf0,0x00000000ac600000)
 Metaspace       used 64091K, capacity 67260K, committed 67584K, reserved 1107968K
  class space    used 8521K, capacity 9387K, committed 9472K, reserved 1048576K
}
Event: 271.916 GC heap before
{Heap before GC invocations=14 (full 3):
 PSYoungGen      total 355328K, used 344817K [0x00000000e0000000, 0x00000000f7f00000, 0x0000000100000000)
  eden space 327168K, 100% used [0x00000000e0000000,0x00000000f3f80000,0x00000000f3f80000)
  from space 28160K, 62% used [0x00000000f5b00000,0x00000000f6c3c6c0,0x00000000f7680000)
  to   space 28160K, 0% used [0x00000000f3f80000,0x00000000f3f80000,0x00000000f5b00000)
 ParOldGen       total 202752K, used 42403K [0x00000000a0000000, 0x00000000ac600000, 0x00000000e0000000)
  object space 202752K, 20% used [0x00000000a0000000,0x00000000a2968cf0,0x00000000ac600000)
 Metaspace       used 68267K, capacity 71574K, committed 71808K, reserved 1112064K
  class space    used 8992K, capacity 9838K, committed 9856K, reserved 1048576K
Event: 271.936 GC heap after
Heap after GC invocations=14 (full 3):
 PSYoungGen      total 355328K, used 26615K [0x00000000e0000000, 0x00000000fd300000, 0x0000000100000000)
  eden space 327168K, 0% used [0x00000000e0000000,0x00000000e0000000,0x00000000f3f80000)
  from space 28160K, 94% used [0x00000000f3f80000,0x00000000f597dd30,0x00000000f5b00000)
  to   space 31232K, 0% used [0x00000000fb480000,0x00000000fb480000,0x00000000fd300000)
 ParOldGen       total 202752K, used 42411K [0x00000000a0000000, 0x00000000ac600000, 0x00000000e0000000)
  object space 202752K, 20% used [0x00000000a0000000,0x00000000a296acf0,0x00000000ac600000)
 Metaspace       used 68267K, capacity 71574K, committed 71808K, reserved 1112064K
  class space    used 8992K, capacity 9838K, committed 9856K, reserved 1048576K
}
Event: 275.652 GC heap before
{Heap before GC invocations=15 (full 3):
 PSYoungGen      total 355328K, used 353783K [0x00000000e0000000, 0x00000000fd300000, 0x0000000100000000)
  eden space 327168K, 100% used [0x00000000e0000000,0x00000000f3f80000,0x00000000f3f80000)
  from space 28160K, 94% used [0x00000000f3f80000,0x00000000f597dd30,0x00000000f5b00000)
  to   space 31232K, 0% used [0x00000000fb480000,0x00000000fb480000,0x00000000fd300000)
 ParOldGen       total 202752K, used 42411K [0x00000000a0000000, 0x00000000ac600000, 0x00000000e0000000)
  object space 202752K, 20% used [0x00000000a0000000,0x00000000a296acf0,0x00000000ac600000)
 Metaspace       used 68686K, capacity 72022K, committed 72192K, reserved 1112064K
  class space    used 9029K, capacity 9914K, committed 9984K, reserved 1048576K
Event: 275.663 GC heap after
Heap after GC invocations=15 (full 3):
 PSYoungGen      total 431616K, used 20144K [0x00000000e0000000, 0x00000000fcc00000, 0x0000000100000000)
  eden space 407552K, 0% used [0x00000000e0000000,0x00000000e0000000,0x00000000f8e00000)
  from space 24064K, 83% used [0x00000000fb480000,0x00000000fc82c190,0x00000000fcc00000)
  to   space 31744K, 0% used [0x00000000f8e00000,0x00000000f8e00000,0x00000000fad00000)
 ParOldGen       total 202752K, used 42419K [0x00000000a0000000, 0x00000000ac600000, 0x00000000e0000000)
  object space 202752K, 20% used [0x00000000a0000000,0x00000000a296ccf0,0x00000000ac600000)
 Metaspace       used 68686K, capacity 72022K, committed 72192K, reserved 1112064K
  class space    used 9029K, capacity 9914K, committed 9984K, reserved 1048576K
}
Event: 403.341 GC heap before
{Heap before GC invocations=16 (full 3):
 PSYoungGen      total 431616K, used 427215K [0x00000000e0000000, 0x00000000fcc00000, 0x0000000100000000)
  eden space 407552K, 99% used [0x00000000e0000000,0x00000000f8d87cb8,0x00000000f8e00000)
  from space 24064K, 83% used [0x00000000fb480000,0x00000000fc82c190,0x00000000fcc00000)
  to   space 31744K, 0% used [0x00000000f8e00000,0x00000000f8e00000,0x00000000fad00000)
 ParOldGen       total 202752K, used 42419K [0x00000000a0000000, 0x00000000ac600000, 0x00000000e0000000)
  object space 202752K, 20% used [0x00000000a0000000,0x00000000a296ccf0,0x00000000ac600000)
 Metaspace       used 73606K, capacity 77506K, committed 77824K, reserved 1116160K
  class space    used 9652K, capacity 10634K, committed 10752K, reserved 1048576K
Event: 403.359 GC heap after
Heap after GC invocations=16 (full 3):
 PSYoungGen      total 439296K, used 27299K [0x00000000e0000000, 0x0000000100000000, 0x0000000100000000)
  eden space 407552K, 0% used [0x00000000e0000000,0x00000000e0000000,0x00000000f8e00000)
  from space 31744K, 86% used [0x00000000f8e00000,0x00000000fa8a8f80,0x00000000fad00000)
  to   space 34304K, 0% used [0x00000000fde80000,0x00000000fde80000,0x0000000100000000)
 ParOldGen       total 202752K, used 42427K [0x00000000a0000000, 0x00000000ac600000, 0x00000000e0000000)
  object space 202752K, 20% used [0x00000000a0000000,0x00000000a296ecf0,0x00000000ac600000)
 Metaspace       used 73606K, capacity 77506K, committed 77824K, reserved 1116160K
  class space    used 9652K, capacity 10634K, committed 10752K, reserved 1048576K
}
Event: 440.323 GC heap before
{Heap before GC invocations=17 (full 3):
 PSYoungGen      total 439296K, used 434851K [0x00000000e0000000, 0x0000000100000000, 0x0000000100000000)
  eden space 407552K, 100% used [0x00000000e0000000,0x00000000f8e00000,0x00000000f8e00000)
  from space 31744K, 86% used [0x00000000f8e00000,0x00000000fa8a8f80,0x00000000fad00000)
  to   space 34304K, 0% used [0x00000000fde80000,0x00000000fde80000,0x0000000100000000)
 ParOldGen       total 202752K, used 42427K [0x00000000a0000000, 0x00000000ac600000, 0x00000000e0000000)
  object space 202752K, 20% used [0x00000000a0000000,0x00000000a296ecf0,0x00000000ac600000)
 Metaspace       used 87488K, capacity 92436K, committed 92800K, reserved 1130496K
  class space    used 11370K, capacity 12548K, committed 12672K, reserved 1048576K
Event: 440.363 GC heap after
Heap after GC invocations=17 (full 3):
 PSYoungGen      total 466432K, used 34291K [0x00000000e0000000, 0x0000000100000000, 0x0000000100000000)
  eden space 432128K, 0% used [0x00000000e0000000,0x00000000e0000000,0x00000000fa600000)
  from space 34304K, 99% used [0x00000000fde80000,0x00000000ffffcf40,0x0000000100000000)
  to   space 46080K, 0% used [0x00000000fa600000,0x00000000fa600000,0x00000000fd300000)
 ParOldGen       total 202752K, used 61288K [0x00000000a0000000, 0x00000000ac600000, 0x00000000e0000000)
  object space 202752K, 30% used [0x00000000a0000000,0x00000000a3bda340,0x00000000ac600000)
 Metaspace       used 87488K, capacity 92436K, committed 92800K, reserved 1130496K
  class space    used 11370K, capacity 12548K, committed 12672K, reserved 1048576K
}

Deoptimization events (10 events):
Event: 444.849 Thread 0x000000001e084800 Uncommon trap: reason=class_check action=maybe_recompile pc=0x0000000007fc9f84 method=com.google.common.collect.TransformedIterator.next()Ljava/lang/Object; @ 5
Event: 444.855 Thread 0x000000001e084800 Uncommon trap: reason=class_check action=maybe_recompile pc=0x0000000005d2fa2c method=java.util.AbstractSequentialList.get(I)Ljava/lang/Object; @ 2
Event: 444.855 Thread 0x000000001e084800 Uncommon trap: reason=class_check action=maybe_recompile pc=0x0000000005d2fa2c method=java.util.AbstractSequentialList.get(I)Ljava/lang/Object; @ 2
Event: 444.855 Thread 0x000000001e084800 Uncommon trap: reason=class_check action=maybe_recompile pc=0x0000000005d2fa2c method=java.util.AbstractSequentialList.get(I)Ljava/lang/Object; @ 2
Event: 444.930 Thread 0x000000001e084800 Uncommon trap: reason=unstable_if action=reinterpret pc=0x0000000005dca620 method=java.lang.Integer.parseInt(Ljava/lang/String;I)I @ 122
Event: 444.979 Thread 0x000000001e084800 Uncommon trap: reason=class_check action=maybe_recompile pc=0x00000000080429f0 method=java.util.Spliterators.spliteratorUnknownSize(Ljava/util/Iterator;I)Ljava/util/Spliterator; @ 8
Event: 444.979 Thread 0x000000001e084800 Uncommon trap: reason=class_check action=maybe_recompile pc=0x00000000080429f0 method=java.util.Spliterators.spliteratorUnknownSize(Ljava/util/Iterator;I)Ljava/util/Spliterator; @ 8
Event: 444.979 Thread 0x000000001e084800 Uncommon trap: reason=class_check action=maybe_recompile pc=0x00000000080429f0 method=java.util.Spliterators.spliteratorUnknownSize(Ljava/util/Iterator;I)Ljava/util/Spliterator; @ 8
Event: 444.979 Thread 0x000000001e084800 Uncommon trap: reason=class_check action=maybe_recompile pc=0x00000000080429f0 method=java.util.Spliterators.spliteratorUnknownSize(Ljava/util/Iterator;I)Ljava/util/Spliterator; @ 8
Event: 445.086 Thread 0x000000001e084800 Uncommon trap: reason=null_check action=make_not_entrant pc=0x000000000800b9ec method=com.android.ide.common.res2.NodeUtils.processSingleNodeNamespace(Lorg/w3c/dom/Node;Lorg/w3c/dom/Document;)Z @ 8

Classes redefined (0 events):
No events

Internal exceptions (10 events):
Event: 442.493 Thread 0x000000001e084800 Exception <a 'sun/nio/fs/WindowsException'> (0x00000000e50e4e38) thrown at [D:\src\AOSP-openjdk-cygwin\jdk8u\hotspot\src\share\vm\prims\jni.cpp, line 709]
Event: 442.493 Thread 0x000000001e084800 Exception <a 'sun/nio/fs/WindowsException'> (0x00000000e50e5ca8) thrown at [D:\src\AOSP-openjdk-cygwin\jdk8u\hotspot\src\share\vm\prims\jni.cpp, line 709]
Event: 442.493 Thread 0x000000001e084800 Exception <a 'sun/nio/fs/WindowsException'> (0x00000000e50e7f18) thrown at [D:\src\AOSP-openjdk-cygwin\jdk8u\hotspot\src\share\vm\prims\jni.cpp, line 709]
Event: 442.493 Thread 0x000000001e084800 Exception <a 'sun/nio/fs/WindowsException'> (0x00000000e50e8dc8) thrown at [D:\src\AOSP-openjdk-cygwin\jdk8u\hotspot\src\share\vm\prims\jni.cpp, line 709]
Event: 443.413 Thread 0x000000001e084800 Implicit null exception at 0x0000000006becd7a to 0x0000000006becf11
Event: 443.413 Thread 0x000000001e084800 Implicit null exception at 0x00000000059250de to 0x0000000005925261
Event: 443.445 Thread 0x000000001e084800 Implicit null exception at 0x0000000007a7d73c to 0x0000000007a7d95d
Event: 443.445 Thread 0x000000001e084800 Implicit null exception at 0x0000000007e08445 to 0x0000000007e09ec5
Event: 443.445 Thread 0x000000001e084800 Implicit null exception at 0x00000000058c605a to 0x00000000058c60ad
Event: 445.086 Thread 0x000000001e084800 Implicit null exception at 0x000000000800b697 to 0x000000000800b9dd

Events (10 events):
Event: 445.133 Executing VM operation: RevokeBias done
Event: 445.147 Executing VM operation: RevokeBias
Event: 445.147 Executing VM operation: RevokeBias done
Event: 445.151 Thread 0x000000001abf6800 flushing nmethod 0x00000000063f6a90
Event: 445.152 Thread 0x000000001abf6800 flushing nmethod 0x0000000006710850
Event: 445.160 Executing VM operation: RevokeBias
Event: 445.160 Executing VM operation: RevokeBias done
Event: 445.167 Thread 0x000000001abf1800 flushing nmethod 0x00000000069f5e10
Event: 445.177 Executing VM operation: RevokeBias
Event: 445.177 Executing VM operation: RevokeBias done


Dynamic libraries:
0x00007ff668d30000 - 0x00007ff668d61000 	C:\Program Files\Android\Android Studio\jre\bin\java.exe
0x00007ffef4af0000 - 0x00007ffef4cd0000 	C:\WINDOWS\SYSTEM32\ntdll.dll
0x00007ffef4930000 - 0x00007ffef49de000 	C:\WINDOWS\System32\KERNEL32.DLL
0x00007ffef1a40000 - 0x00007ffef1ca6000 	C:\WINDOWS\System32\KERNELBASE.dll
0x00007ffef49e0000 - 0x00007ffef4a81000 	C:\WINDOWS\System32\ADVAPI32.dll
0x00007ffef46c0000 - 0x00007ffef475d000 	C:\WINDOWS\System32\msvcrt.dll
0x00007ffef2ac0000 - 0x00007ffef2b1b000 	C:\WINDOWS\System32\sechost.dll
0x00007ffef1fc0000 - 0x00007ffef20df000 	C:\WINDOWS\System32\RPCRT4.dll
0x00007ffef2920000 - 0x00007ffef2aaf000 	C:\WINDOWS\System32\USER32.dll
0x00007ffef1f50000 - 0x00007ffef1f70000 	C:\WINDOWS\System32\win32u.dll
0x00007ffef4a90000 - 0x00007ffef4ab8000 	C:\WINDOWS\System32\GDI32.dll
0x00007ffef1db0000 - 0x00007ffef1f43000 	C:\WINDOWS\System32\gdi32full.dll
0x00007ffef1cb0000 - 0x00007ffef1d4b000 	C:\WINDOWS\System32\msvcp_win.dll
0x00007ffef1140000 - 0x00007ffef1236000 	C:\WINDOWS\System32\ucrtbase.dll
0x00007ffede860000 - 0x00007ffedeac9000 	C:\WINDOWS\WinSxS\amd64_microsoft.windows.common-controls_6595b64144ccf1df_6.0.16299.309_none_15cfd4c4935e6b11\COMCTL32.dll
0x00007ffef21b0000 - 0x00007ffef24b8000 	C:\WINDOWS\System32\combase.dll
0x00007ffef10c0000 - 0x00007ffef1132000 	C:\WINDOWS\System32\bcryptPrimitives.dll
0x00007ffef45c0000 - 0x00007ffef45ed000 	C:\WINDOWS\System32\IMM32.DLL
0x000000005ddf0000 - 0x000000005dec2000 	C:\Program Files\Android\Android Studio\jre\jre\bin\msvcr100.dll
0x000000005e390000 - 0x000000005ebce000 	C:\Program Files\Android\Android Studio\jre\jre\bin\server\jvm.dll
0x00007ffef2770000 - 0x00007ffef2778000 	C:\WINDOWS\System32\PSAPI.DLL
0x00007ffeef1b0000 - 0x00007ffeef1d3000 	C:\WINDOWS\SYSTEM32\WINMM.dll
0x00007ffee9a60000 - 0x00007ffee9a6a000 	C:\WINDOWS\SYSTEM32\VERSION.dll
0x00007ffeef070000 - 0x00007ffeef09a000 	C:\WINDOWS\SYSTEM32\WINMMBASE.dll
0x00007ffef1f70000 - 0x00007ffef1fba000 	C:\WINDOWS\System32\cfgmgr32.dll
0x00007ffed8f50000 - 0x00007ffed8f59000 	C:\WINDOWS\SYSTEM32\WSOCK32.dll
0x00007ffef45f0000 - 0x00007ffef465c000 	C:\WINDOWS\System32\WS2_32.dll
0x00007ffeed050000 - 0x00007ffeed05f000 	C:\Program Files\Android\Android Studio\jre\jre\bin\verify.dll
0x00007ffede240000 - 0x00007ffede269000 	C:\Program Files\Android\Android Studio\jre\jre\bin\java.dll
0x00007ffede210000 - 0x00007ffede226000 	C:\Program Files\Android\Android Studio\jre\jre\bin\zip.dll
0x00007ffef30c0000 - 0x00007ffef44f6000 	C:\WINDOWS\System32\SHELL32.dll
0x00007ffef4500000 - 0x00007ffef45a6000 	C:\WINDOWS\System32\shcore.dll
0x00007ffef1240000 - 0x00007ffef1987000 	C:\WINDOWS\System32\windows.storage.dll
0x00007ffef4660000 - 0x00007ffef46b1000 	C:\WINDOWS\System32\shlwapi.dll
0x00007ffef0eb0000 - 0x00007ffef0ec1000 	C:\WINDOWS\System32\kernel.appcore.dll
0x00007ffef0e60000 - 0x00007ffef0eac000 	C:\WINDOWS\System32\powrprof.dll
0x00007ffef0e40000 - 0x00007ffef0e5b000 	C:\WINDOWS\System32\profapi.dll
0x00007ffedcee0000 - 0x00007ffedcefa000 	C:\Program Files\Android\Android Studio\jre\jre\bin\net.dll
0x00007ffef06d0000 - 0x00007ffef0736000 	C:\WINDOWS\system32\mswsock.dll
0x00007ffedcc60000 - 0x00007ffedcc71000 	C:\Program Files\Android\Android Studio\jre\jre\bin\nio.dll
0x00007ffed3260000 - 0x00007ffed327e000 	C:\Users\FINANCIERO\.gradle\native\25\windows-amd64\native-platform.dll
0x00007ffedeff0000 - 0x00007ffedeffd000 	C:\Program Files\Android\Android Studio\jre\jre\bin\management.dll
0x00007ffef0890000 - 0x00007ffef08a7000 	C:\WINDOWS\SYSTEM32\CRYPTSP.dll
0x00007ffef02d0000 - 0x00007ffef0303000 	C:\WINDOWS\system32\rsaenh.dll
0x00007ffef09a0000 - 0x00007ffef09c5000 	C:\WINDOWS\SYSTEM32\bcrypt.dll
0x00007ffef0d70000 - 0x00007ffef0d99000 	C:\WINDOWS\SYSTEM32\USERENV.dll
0x00007ffef08b0000 - 0x00007ffef08bb000 	C:\WINDOWS\SYSTEM32\CRYPTBASE.dll
0x00007ffef0460000 - 0x00007ffef0499000 	C:\WINDOWS\SYSTEM32\IPHLPAPI.DLL
0x00007ffef45b0000 - 0x00007ffef45b8000 	C:\WINDOWS\System32\NSI.dll
0x00007ffeeba70000 - 0x00007ffeeba86000 	C:\WINDOWS\SYSTEM32\dhcpcsvc6.DLL
0x00007ffeeba50000 - 0x00007ffeeba6a000 	C:\WINDOWS\SYSTEM32\dhcpcsvc.DLL
0x00007ffed3660000 - 0x00007ffed3684000 	C:\Program Files\Android\Android Studio\jre\jre\bin\sunec.dll
0x00007ffef04a0000 - 0x00007ffef0556000 	C:\WINDOWS\SYSTEM32\DNSAPI.dll
0x0000000060800000 - 0x0000000060826000 	C:\Program Files\Bonjour\mdnsNSP.dll
0x00007ffee7570000 - 0x00007ffee757a000 	C:\Windows\System32\rasadhlp.dll
0x00007ffee31b0000 - 0x00007ffee3220000 	C:\WINDOWS\System32\fwpuclnt.dll
0x00007ffede200000 - 0x00007ffede20b000 	C:\Program Files\Android\Android Studio\jre\jre\bin\sunmscapi.dll
0x00007ffef0ef0000 - 0x00007ffef10be000 	C:\WINDOWS\System32\CRYPT32.dll
0x00007ffef0ed0000 - 0x00007ffef0ee2000 	C:\WINDOWS\System32\MSASN1.dll
0x00007ffeef2e0000 - 0x00007ffeef368000 	C:\WINDOWS\system32\apphelp.dll
0x00007ffeeff70000 - 0x00007ffeeffa1000 	C:\WINDOWS\SYSTEM32\ntmarta.dll

VM Arguments:
jvm_args: -Xmx1536m -Dfile.encoding=windows-1252 -Duser.country=MX -Duser.language=es -Duser.variant 
java_command: org.gradle.launcher.daemon.bootstrap.GradleDaemon 4.1
java_class_path (initial): C:\Users\FINANCIERO\.gradle\wrapper\dists\gradle-4.1-all\bzyivzo6n839fup2jbap0tjew\gradle-4.1\lib\gradle-launcher-4.1.jar
Launcher Type: SUN_STANDARD

Environment Variables:
JAVA_HOME=C:\Program Files\Java\jdk1.8.0_162
PATH=C:\Program Files (x86)\Python37-32\Scripts\;C:\Program Files (x86)\Python37-32\;C:\ProgramData\Oracle\Java\javapath;C:\Windows\system32;C:\Windows;C:\Windows\System32\Wbem;C:\Windows\System32\WindowsPowerShell\v1.0\;C:\WINDOWS\system32;C:\WINDOWS;C:\WINDOWS\System32\Wbem;C:\WINDOWS\System32\WindowsPowerShell\v1.0\;C:\Program Files (x86)\Bitvise SSH Client;C:\Program Files (x86)\NVIDIA Corporation\PhysX\Common;C:\Program Files\Java\jdk1.8.0_162\bin;C:\Program Files\Java\jdk1.8.0_162\bin;C:\Program Files\dotnet\;C:\Program Files\Microsoft SQL Server\130\Tools\Binn\;C:\Python37-32;C:\Python37-32\Lib\site-packages\;C:\Python37-32\Scripts\;C:\Program Files (x86)\Windows Kits\10\Windows Performance Toolkit\;C:\Program Files\nodejs\;C:\Program Files\Git\cmd;C:\Program Files\Geth;C:\Program Files (x86)\GtkSharp\2.12\bin;C:\Users\FINANCIERO\AppData\Local\Microsoft\WindowsApps;C:\Program Files\Java\jdk1.8.0_162\bin;C:\Program Files\Java\jdk1.8.0_162\bin;C:\Users\FINANCIERO\AppData\Local\GitHubDesktop\bin;C:\Python37-32;C:\Python37-32\Lib\site-packages\;C:\Python37-32\Scripts\;C:\Users\FINANCIERO\AppData\Roaming\npm
USERNAME=FINANCIERO
OS=Windows_NT
PROCESSOR_IDENTIFIER=Intel64 Family 6 Model 158 Stepping 9, GenuineIntel



---------------  S Y S T E M  ---------------

OS: Windows 10.0 , 64 bit Build 16299 (10.0.16299.15)

CPU:total 8 (initial active 8) (4 cores per cpu, 2 threads per core) family 6 model 158 stepping 9, cmov, cx8, fxsr, mmx, sse, sse2, sse3, ssse3, sse4.1, sse4.2, popcnt, avx, avx2, aes, clmul, erms, 3dnowpref, lzcnt, ht, tsc, tscinvbit, bmi1, bmi2, adx

Memory: 4k page, physical 16642276k(1045520k free), swap 32125536k(3656k free)

vm_info: OpenJDK 64-Bit Server VM (25.152-b01) for windows-amd64 JRE (1.8.0_152-release-915-b01), built by "builder" with MS VC++ 10.0 (VS2010)

time: Sun Apr 15 20:47:48 2018
elapsed time: 445 seconds (0d 0h 7m 25s)

